#
# There is insufficient memory for the Java Runtime Environment to continue.
# Native memory allocation (mmap) failed to map 331350016 bytes for Failed to commit area from 0x00000006c4000000 to 0x00000006d7c00000 of length 331350016.
# Possible reasons:
#   The system is out of physical RAM or swap space
#   The process is running with CompressedOops enabled, and the Java Heap may be blocking the growth of the native heap
# Possible solutions:
#   Reduce memory load on the system
#   Increase physical memory or swap space
#   Check if swap backing store is full
#   Decrease Java heap size (-Xmx/-Xms)
#   Decrease number of Java threads
#   Decrease Java thread stack sizes (-Xss)
#   Set larger code cache with -XX:ReservedCodeCacheSize=
# This output file may be truncated or incomplete.
#
#  Out of Memory Error (./open/src/hotspot/os/windows/os_windows.cpp:3273), pid=40892, tid=76172
#
# JRE version:  (11.0.12+8) (build )
# Java VM: Java HotSpot(TM) 64-Bit Server VM (11.0.12+8-LTS-237, mixed mode, sharing, tiered, compressed oops, g1 gc, windows-amd64)
# No core dump will be written. Minidumps are not enabled by default on client versions of Windows
#

---------------  S U M M A R Y ------------

Command Line: -ea -Dfile.encoding=Cp1252 org.testng.remote.RemoteTestNG -serport 51220 -protocol json -d D:\Snoonu\Automation\AppiumAndroid-main\test-output C:\Users\NOMANS~1\AppData\Local\Temp\testng-eclipse-656134670\testng-customsuite.xml

Host: Intel(R) Core(TM) i5-1035G1 CPU @ 1.00GHz, 8 cores, 19G,  Windows 10 , 64 bit Build 19041 (10.0.19041.1645)
Time: Mon Apr 18 21:06:05 2022 Pakistan Standard Time elapsed time: 0.022467 seconds (0d 0h 0m 0s)

---------------  T H R E A D  ---------------

Current thread (0x00000202f3d50000):  JavaThread "Unknown thread" [_thread_in_vm, id=76172, stack(0x000000d9f0d00000,0x000000d9f0e00000)]

Stack: [0x000000d9f0d00000,0x000000d9f0e00000]
Native frames: (J=compiled Java code, j=interpreted, Vv=VM code, C=native code)
V  [jvm.dll+0x617d9a]
V  [jvm.dll+0x74eeef]
V  [jvm.dll+0x750599]
V  [jvm.dll+0x750c23]
V  [jvm.dll+0x2438d8]
V  [jvm.dll+0x61518a]
V  [jvm.dll+0x609f45]
V  [jvm.dll+0x2f85cc]
V  [jvm.dll+0x2f8452]
V  [jvm.dll+0x2fd106]
V  [jvm.dll+0x33f6ef]
V  [jvm.dll+0x33f120]
V  [jvm.dll+0x2d5ca8]
V  [jvm.dll+0x2d6e06]
V  [jvm.dll+0x72a977]
V  [jvm.dll+0x72c21f]
V  [jvm.dll+0x34c469]
V  [jvm.dll+0x710400]
V  [jvm.dll+0x3b5baf]
V  [jvm.dll+0x3b7cb1]
C  [jli.dll+0x520b]
C  [ucrtbase.dll+0x21bb2]
C  [KERNEL32.DLL+0x17034]
C  [ntdll.dll+0x52651]


---------------  P R O C E S S  ---------------

Threads class SMR info:
_java_thread_list=0x00000202f1b88bb0, length=0, elements={
}

Java Threads: ( => current thread )

Other Threads:
  0x00000202f3d65800 GCTaskThread "GC Thread#0" [stack: 0x000000d9f0e00000,0x000000d9f0f00000] [id=72816]
  0x00000202f3dd8000 ConcurrentGCThread "G1 Main Marker" [stack: 0x000000d9f0f00000,0x000000d9f1000000] [id=56228]
  0x00000202f3dda800 ConcurrentGCThread "G1 Conc#0" [stack: 0x000000d9f1000000,0x000000d9f1100000] [id=11968]

[error occurred during error reporting (printing all threads), id 0xc0000005, EXCEPTION_ACCESS_VIOLATION (0xc0000005) at pc=0x00007ffdfbbc4f37]

VM state:not at safepoint (not fully initialized)

VM Mutex/Monitor currently owned by a thread:  ([mutex/lock_event])
[0x00000202f3d4b0f0] Heap_lock - owner thread: 0x00000202f3d50000

Heap address: 0x00000006c4000000, size: 5056 MB, Compressed Oops mode: Non-zero based: 0x00000006c4000000
Narrow klass base: 0x0000000000000000, Narrow klass shift: 0

GC Heap History (0 events):
No events

Deoptimization events (0 events):
No events

Classes redefined (0 events):
No events

Internal exceptions (0 events):
No events

Events (0 events):
No events


Dynamic libraries:
0x00007ff6e9c40000 - 0x00007ff6e9c4f000 	C:\Program Files\Java\jdk-11.0.12\bin\javaw.exe
0x00007ffe76c70000 - 0x00007ffe76e65000 	C:\WINDOWS\SYSTEM32\ntdll.dll
0x00007ffe76110000 - 0x00007ffe761ce000 	C:\WINDOWS\System32\KERNEL32.DLL
0x00007ffe74390000 - 0x00007ffe74658000 	C:\WINDOWS\System32\KERNELBASE.dll
0x00007ffe74a00000 - 0x00007ffe74b00000 	C:\WINDOWS\System32\ucrtbase.dll
0x00007ffe6c420000 - 0x00007ffe6c438000 	C:\Program Files\Java\jdk-11.0.12\bin\jli.dll
0x00007ffe76580000 - 0x00007ffe7662e000 	C:\WINDOWS\System32\ADVAPI32.dll
0x00007ffe758b0000 - 0x00007ffe7594e000 	C:\WINDOWS\System32\msvcrt.dll
0x00007ffe76810000 - 0x00007ffe768ac000 	C:\WINDOWS\System32\sechost.dll
0x00007ffe761d0000 - 0x00007ffe762f5000 	C:\WINDOWS\System32\RPCRT4.dll
0x00007ffe76300000 - 0x00007ffe764a0000 	C:\WINDOWS\System32\USER32.dll
0x00007ffe74ca0000 - 0x00007ffe74cc2000 	C:\WINDOWS\System32\win32u.dll
0x00007ffe768b0000 - 0x00007ffe768da000 	C:\WINDOWS\System32\GDI32.dll
0x00007ffe74660000 - 0x00007ffe7476b000 	C:\WINDOWS\System32\gdi32full.dll
0x00007ffe74b00000 - 0x00007ffe74b9d000 	C:\WINDOWS\System32\msvcp_win.dll
0x00007ffe69f40000 - 0x00007ffe69f55000 	C:\Program Files\Java\jdk-11.0.12\bin\VCRUNTIME140.dll
0x00007ffe5c410000 - 0x00007ffe5c6aa000 	C:\WINDOWS\WinSxS\amd64_microsoft.windows.common-controls_6595b64144ccf1df_6.0.19041.1110_none_60b5254171f9507e\COMCTL32.dll
0x00007ffe6e260000 - 0x00007ffe6e26a000 	C:\WINDOWS\SYSTEM32\VERSION.dll
0x00007ffe76ab0000 - 0x00007ffe76ae0000 	C:\WINDOWS\System32\IMM32.DLL
0x00007ffe5be20000 - 0x00007ffe5bebb000 	C:\Program Files\Java\jdk-11.0.12\bin\msvcp140.dll
0x00007ffdfb8e0000 - 0x00007ffdfc3df000 	C:\Program Files\Java\jdk-11.0.12\bin\server\jvm.dll
0x00007ffe75950000 - 0x00007ffe75958000 	C:\WINDOWS\System32\PSAPI.DLL
0x00007ffe42c60000 - 0x00007ffe42c69000 	C:\WINDOWS\SYSTEM32\WSOCK32.dll
0x00007ffe767a0000 - 0x00007ffe7680b000 	C:\WINDOWS\System32\WS2_32.dll
0x00007ffe672f0000 - 0x00007ffe67317000 	C:\WINDOWS\SYSTEM32\WINMM.dll
0x00007ffe72c90000 - 0x00007ffe72ca2000 	C:\WINDOWS\SYSTEM32\kernel.appcore.dll
0x00007ffe707b0000 - 0x00007ffe707c0000 	C:\Program Files\Java\jdk-11.0.12\bin\verify.dll
0x00007ffe72190000 - 0x00007ffe72374000 	C:\WINDOWS\SYSTEM32\DBGHELP.DLL
0x00007ffe5c920000 - 0x00007ffe5c94c000 	C:\WINDOWS\SYSTEM32\dbgcore.DLL
0x00007ffe74ba0000 - 0x00007ffe74c22000 	C:\WINDOWS\System32\bcryptPrimitives.dll
0x00007ffe67890000 - 0x00007ffe678b8000 	C:\Program Files\Java\jdk-11.0.12\bin\java.dll
0x00007ffe6f440000 - 0x00007ffe6f44a000 	C:\Program Files\Java\jdk-11.0.12\bin\jimage.dll
0x00007ffe680f0000 - 0x00007ffe68106000 	C:\Program Files\Java\jdk-11.0.12\bin\zip.dll

dbghelp: loaded successfully - version: 4.0.5 - missing functions: none
symbol engine: initialized successfully - sym options: 0x614 - pdb path: .;C:\Program Files\Java\jdk-11.0.12\bin;C:\WINDOWS\SYSTEM32;C:\WINDOWS\WinSxS\amd64_microsoft.windows.common-controls_6595b64144ccf1df_6.0.19041.1110_none_60b5254171f9507e;C:\Program Files\Java\jdk-11.0.12\bin\server

VM Arguments:
jvm_args: -ea -Dfile.encoding=Cp1252 
java_command: org.testng.remote.RemoteTestNG -serport 51220 -protocol json -d D:\Snoonu\Automation\AppiumAndroid-main\test-output C:\Users\NOMANS~1\AppData\Local\Temp\testng-eclipse-656134670\testng-customsuite.xml
java_class_path (initial): C:\Users\Noman Sial\eclipse\java-2021-09\eclipse\configuration\org.eclipse.osgi\440\0\.cp\lib\testng-remote.jar;D:\Snoonu\Automation\AppiumAndroid-main\target\test-classes;D:\Snoonu\Automation\AppiumAndroid-main\target\classes;C:\Users\Noman Sial\.p2\pool\plugins\org.testng_7.4.0.r202105021533.jar;C:\Users\Noman Sial\.p2\pool\plugins\com.beust.jcommander_1.78.0.jar;C:\Users\Noman Sial\.p2\pool\plugins\org.apache-extras.beanshell.bsh_2.0.0.b6.jar;C:\Users\Noman Sial\.p2\pool\plugins\org.yaml.snakeyaml_1.21.0.jar;C:\Users\Noman Sial\.p2\pool\plugins\org.webjars.jquery_3.5.1.jar;C:\Users\Noman Sial\.m2\repository\io\appium\java-client\7.5.1\java-client-7.5.1.jar;C:\Users\Noman Sial\.m2\repository\org\seleniumhq\selenium\selenium-support\3.141.59\selenium-support-3.141.59.jar;C:\Users\Noman Sial\.m2\repository\org\seleniumhq\selenium\selenium-api\3.141.59\selenium-api-3.141.59.jar;C:\Users\Noman Sial\.m2\repository\com\google\code\gson\gson\2.8.6\gson-2.8.6.jar;C:\Users\Noman Sial\.m2\repository\org\apache\httpcomponents\httpclient\4.5.13\httpclient-4.5.13.jar;C:\Users\Noman Sial\.m2\repository\org\apache\httpcomponents\httpcore\4.4.13\httpcore-4.4.13.jar;C:\Users\Noman Sial\.m2\repository\commons-logging\commons-logging\1.2\commons-logging-1.2.jar;C:\Users\Noman Sial\.m2\repository\commons-codec\commons-codec\1.11\commons-codec-1.11.jar;C:\Users\Noman Sial\.m2\repository\cglib\cglib\3.3.0\cglib-3.3.0.jar;C:\Users\Noman Sial\.m2\repository\org\ow2\asm\asm\7.1\asm-7.1.jar;C:\Users\Noman Sial\.m2\repository\commons-validator\commons-validator\1.7\commons-validator-1.7.jar;C:\Users\Noman Sial\.m2\repository\commons-beanutils\commons-beanutils\1.9.4\commons-beanutils-1.9.4.jar;C:\Users\Noman Sial\.m2\repository\commons-digester\commons-digester\2.1\commons-digester-2.1.jar;C:\Users\Noman Sial\.m2\repository\commons-collections\commons-collections\3.2.2\commons-collections-3.2.2.jar;C:\Users\Noman Sial\.m2\repository\org\apache\commons\commons-la
Launcher Type: SUN_STANDARD

[Global flags]
     intx CICompilerCount                          = 4                                         {product} {ergonomic}
     uint ConcGCThreads                            = 2                                         {product} {ergonomic}
     uint G1ConcRefinementThreads                  = 8                                         {product} {ergonomic}
   size_t G1HeapRegionSize                         = 1048576                                   {product} {ergonomic}
    uintx GCDrainStackTargetSize                   = 64                                        {product} {ergonomic}
   size_t InitialHeapSize                          = 331350016                                 {product} {ergonomic}
   size_t MarkStackSize                            = 4194304                                   {product} {ergonomic}
   size_t MaxHeapSize                              = 5301600256                                {product} {ergonomic}
   size_t MinHeapDeltaBytes                        = 1048576                                   {product} {ergonomic}
    uintx NonNMethodCodeHeapSize                   = 5836300                                {pd product} {ergonomic}
    uintx NonProfiledCodeHeapSize                  = 122910970                              {pd product} {ergonomic}
    uintx ProfiledCodeHeapSize                     = 122910970                              {pd product} {ergonomic}
    uintx ReservedCodeCacheSize                    = 251658240                              {pd product} {ergonomic}
     bool SegmentedCodeCache                       = true                                      {product} {ergonomic}
     bool UseCompressedClassPointers               = true                                 {lp64_product} {ergonomic}
     bool UseCompressedOops                        = true                                 {lp64_product} {ergonomic}
     bool UseG1GC                                  = true                                      {product} {ergonomic}
     bool UseLargePagesIndividualAllocation        = false                                  {pd product} {ergonomic}

Logging:
Log output configuration:
 #0: stdout all=warning uptime,level,tags
 #1: stderr all=off uptime,level,tags

Environment Variables:
JAVA_HOME=C:\Program Files\Java\jdk-11.0.12
PATH=C:\Program Files\Common Files\Oracle\Java\javapath;C:\Python310\Scripts\;C:\Python310\;C:\Program Files (x86)\Common Files\Oracle\Java\javapath;C:\WINDOWS\system32;C:\WINDOWS;C:\WINDOWS\System32\Wbem;C:\WINDOWS\System32\WindowsPowerShell\v1.0\;C:\WINDOWS\System32\OpenSSH\;C:\Program Files\Git\cmd;C:\Program Files\nodejs\;C:\ProgramData\chocolatey\bin;C:\Users\Noman Sial\AppData\Local\Android\Sdk\tools\bin;C:\Users\Noman Sial\AppData\Local\Android\Sdk\tools;C:\Users\Noman Sial\AppData\Local\Android\Sdk\platform-tools;C:\Program Files\nodejs\node_modules\npm\bin;D:\apache-maven-3.8.3\bin;C:\Program Files\Microsoft SQL Server\150\Tools\Binn\;C:\Program Files\Microsoft SQL Server\130\Tools\Binn\;C:\Program Files (x86)\Pulse Secure\VC142.CRT\X64\;C:\Program Files (x86)\Pulse Secure\VC142.CRT\X86\;C:\Program Files\Java\jdk-11.0.12\bin;C:\Users\Noman Sial\AppData\Local\Programs\Python\Python39\Scripts\;C:\Users\Noman Sial\AppData\Local\Programs\Python\Python39\;C:\Users\Noman Sial\AppData\Local\Microsoft\WindowsApps;C:\Users\Noman Sial\AppData\Roaming\npm
USERNAME=Noman Sial
OS=Windows_NT
PROCESSOR_IDENTIFIER=Intel64 Family 6 Model 126 Stepping 5, GenuineIntel



---------------  S Y S T E M  ---------------

OS: Windows 10 , 64 bit Build 19041 (10.0.19041.1645)

CPU:total 8 (initial active 8) (4 cores per cpu, 2 threads per core) family 6 model 126 stepping 5 microcode 0xa6, cmov, cx8, fxsr, mmx, sse, sse2, sse3, ssse3, sse4.1, sse4.2, popcnt, avx, avx2, aes, clmul, erms, 3dnowpref, lzcnt, ht, tsc, tscinvbit, bmi1, bmi2, adx, evex, sha, fma

Memory: 4k page, system-wide physical 20222M (3563M free)
TotalPageFile size 36573M (AvailPageFile size 236M)
current process WorkingSet (physical memory assigned to process): 10M, peak: 10M
current process commit charge ("private bytes"): 61M, peak: 377M

vm_info: Java HotSpot(TM) 64-Bit Server VM (11.0.12+8-LTS-237) for windows-amd64 JRE (11.0.12+8-LTS-237), built on Jun  8 2021 11:25:59 by "mach5one" with MS VC++ 15.9 (VS2017)

END.
